==============================================================================

                  ------ MOMENTUM STATISTICS (MW mode) ------

              Momentum MomEngine_64 2026.01.321 (*) built: Aug 11 2025
                           Wed Apr 15 09:15:26 2026

==============================================================================


------------------------------------------------------------------------------
MESH
------------------------------------------------------------------------------
 Frequency          : 5 GHz

 Rectangular cells  : 256
 Quadrangular cells : 618
 Triangular cells   : 68
 Via cells          : 0

 Edge currents      : 1606

------------------------------------------------------------------------------
SOLVER                        USER TIME      ELAPSED TIME      MEMORY         
PROCESSES                      (h:m:s)          (h:m:s)         (MB)          
------------------------------------------------------------------------------

SIMULATION SET-UP
-----------------
 Initialization           |     0: 0: 0   |     0: 0: 0   |     38.20   
 Ports analysis           |     0: 0: 0   |     0: 0: 1   |      0.23   
 Mesh processing          |     0: 0: 0   |     0: 0: 0   |     15.33   

 Matrix size : 1887
 Reduced matrix size : 1402
 Estimated process size is below 256.00 MB

 Simulation temperature : 298.15 K

1. SIMULATION FREQUENCY = 1 GHz 
-------------------------
 Green functions          |     0: 0: 0   |     0: 0: 0   |      0.95   
 Basis creation           |     0: 0: 1   |     0: 0: 0   |     31.43   
 Matrix load              |     0: 0: 5   |     0: 0: 1   |     64.17   
 Matrix solve             |     0: 0: 1   |     0: 0: 0   |      0.00   
 Port calibration         |     0: 0: 1   |     0: 0: 1   |     10.46   
 S parameters             |     0: 0: 0   |     0: 0: 0   |      0.00   

2. SIMULATION FREQUENCY = 5 GHz 
-------------------------
 Green functions          |     0: 0: 1   |     0: 0: 0   |      0.00   
 Matrix load              |     0: 0: 6   |     0: 0: 1   |     15.37   
 Matrix solve             |     0: 0: 0   |     0: 0: 0   |      0.00   
 Port calibration         |     0: 0: 1   |     0: 0: 0   |      0.00   
 S parameters             |     0: 0: 1   |     0: 0: 0   |      0.00   
 Adaptive sampling        |     0: 0: 0   |     0: 0: 0   |      0.00   

3. SIMULATION FREQUENCY = 3.66667 GHz 
-------------------------
 Green functions          |     0: 0: 0   |     0: 0: 0   |      0.00   
 Matrix load              |     0: 0: 6   |     0: 0: 1   |      0.78   
 Matrix solve             |     0: 0: 0   |     0: 0: 0   |      0.00   
 Port calibration         |     0: 0: 1   |     0: 0: 0   |      0.00   
 S parameters             |     0: 0: 0   |     0: 0: 0   |      0.00   
 Adaptive sampling        |     0: 0: 0   |     0: 0: 0   |      0.00   

4. SIMULATION FREQUENCY = 2.33333 GHz 
-------------------------
 Green functions          |     0: 0: 1   |     0: 0: 0   |      0.00   
 Matrix load              |     0: 0: 6   |     0: 0: 1   |      0.37   
 Matrix solve             |     0: 0: 0   |     0: 0: 0   |      0.00   
 Port calibration         |     0: 0: 2   |     0: 0: 0   |      0.00   
 S parameters             |     0: 0: 0   |     0: 0: 0   |      0.00   
 Adaptive sampling        |     0: 0: 0   |     0: 0: 1   |      0.00   

5. SIMULATION FREQUENCY = 4.11111 GHz 
-------------------------
 Green functions          |     0: 0: 0   |     0: 0: 0   |      0.00   
 Matrix load              |     0: 0: 6   |     0: 0: 0   |      1.09   
 Matrix solve             |     0: 0: 0   |     0: 0: 1   |      0.00   
 Port calibration         |     0: 0: 1   |     0: 0: 0   |      0.00   
 S parameters             |     0: 0: 0   |     0: 0: 0   |      0.00   
 Adaptive sampling        |     0: 0: 1   |     0: 0: 0   |      0.00   

6. SIMULATION FREQUENCY = 1.66667 GHz 
-------------------------
 Green functions          |     0: 0: 0   |     0: 0: 0   |      0.00   
 Matrix load              |     0: 0: 6   |     0: 0: 1   |      1.00   
 Matrix solve             |     0: 0: 0   |     0: 0: 0   |      0.00   
 Port calibration         |     0: 0: 1   |     0: 0: 0   |      0.33   
 S parameters             |     0: 0: 0   |     0: 0: 0   |      0.00   
 Adaptive sampling        |     0: 0: 1   |     0: 0: 0   |      0.00   

7. SIMULATION FREQUENCY = 3 GHz 
-------------------------
 Green functions          |     0: 0: 0   |     0: 0: 0   |      0.00   
 Matrix load              |     0: 0: 6   |     0: 0: 1   |      0.47   
 Matrix solve             |     0: 0: 0   |     0: 0: 0   |      0.00   
 Port calibration         |     0: 0: 1   |     0: 0: 0   |      0.63   
 S parameters             |     0: 0: 0   |     0: 0: 0   |      0.00   
 Adaptive sampling        |     0: 0: 0   |     0: 0: 0   |      0.00   

8. SIMULATION FREQUENCY = 4.7037 GHz 
-------------------------
 Green functions          |     0: 0: 1   |     0: 0: 1   |      0.00   
 Matrix load              |     0: 0: 6   |     0: 0: 0   |      0.00   
 Matrix solve             |     0: 0: 0   |     0: 0: 0   |      0.00   
 Port calibration         |     0: 0: 1   |     0: 0: 0   |      0.00   
 S parameters             |     0: 0: 0   |     0: 0: 0   |      0.00   
 Adaptive sampling        |     0: 0: 0   |     0: 0: 1   |      0.00   

9. SIMULATION FREQUENCY = 3.33333 GHz 
-------------------------
 Green functions          |     0: 0: 1   |     0: 0: 0   |      0.00   
 Matrix load              |     0: 0: 5   |     0: 0: 1   |      1.14   
 Matrix solve             |     0: 0: 1   |     0: 0: 0   |      0.98   
 Port calibration         |     0: 0: 1   |     0: 0: 0   |      0.00   
 S parameters             |     0: 0: 0   |     0: 0: 0   |      0.00   
 Adaptive sampling        |     0: 0: 1   |     0: 0: 0   |      0.00   

10. SIMULATION FREQUENCY = 4.40741 GHz 
-------------------------
 Green functions          |     0: 0: 0   |     0: 0: 0   |      0.00   
 Matrix load              |     0: 0: 6   |     0: 0: 1   |      0.00   
 Matrix solve             |     0: 0: 0   |     0: 0: 0   |      0.96   
 Port calibration         |     0: 0: 1   |     0: 0: 0   |      0.00   
 S parameters             |     0: 0: 0   |     0: 0: 0   |      0.00   
 Adaptive sampling        |     0: 0: 1   |     0: 0: 0   |      0.00   

11. SIMULATION FREQUENCY = 1.22222 GHz 
-------------------------
 Green functions          |     0: 0: 0   |     0: 0: 0   |      0.00   
 Matrix load              |     0: 0: 6   |     0: 0: 1   |      0.00   
 Matrix solve             |     0: 0: 0   |     0: 0: 0   |      0.24   
 Port calibration         |     0: 0: 1   |     0: 0: 0   |      0.00   
 S parameters             |     0: 0: 0   |     0: 0: 0   |      0.00   
 Adaptive sampling        |     0: 0: 1   |     0: 0: 1   |      0.00   

12. SIMULATION FREQUENCY = 1.44444 GHz 
-------------------------
 Green functions          |     0: 0: 0   |     0: 0: 0   |      0.00   
 Matrix load              |     0: 0: 6   |     0: 0: 0   |      0.00   
 Matrix solve             |     0: 0: 0   |     0: 0: 0   |      0.00   
 Port calibration         |     0: 0: 1   |     0: 0: 1   |      0.00   
 S parameters             |     0: 0: 1   |     0: 0: 0   |      0.00   
 Adaptive sampling        |     0: 0: 0   |     0: 0: 0   |      0.00   

------------------------------------------------------------------------------
TOTALS
------------------------------------------------------------------------------
 Nr of Frequencies   : 12 

 Physical memory :    184.14 MB
 Virtual memory  :    170.46 MB
 Page faults     :       208091
 User Time       :    0h 1m37s
 Elapsed Time    :    0h 0m17s

==============================================================================

