Using the minimal snap distance of 0.0004 mm
(4 layout resolution points) for layout healing.

--- WARNING -------------------------------------------------------------------

Layout healing changed the layout. The actual
highest aggregate snap distance was 0.0002 mm.
Further details have been written to the DRC
report.

-------------------------------------------------------------------------------


--- WARNING -------------------------------------------------------------------

The port setup needed to be corrected:
Calibration will not be used for port "P8" (pin
"P8" is not on the edge between a conductive and
a nonconductive region).

-------------------------------------------------------------------------------


--- WARNING -------------------------------------------------------------------

The port setup needed to be corrected:
TML calibration for port "P5" has been changed
to TML (zero length) calibration because the
transmission line of pin "P5" would otherwise
intersect with the layout.

-------------------------------------------------------------------------------


--- WARNING -------------------------------------------------------------------

The port setup needed to be corrected:
TML calibration for port "P7" has been changed
to TML (zero length) calibration because the
transmission line of pin "P7" would otherwise
intersect with the layout.

-------------------------------------------------------------------------------


--- WARNING -------------------------------------------------------------------

The port setup needed to be corrected:
TML calibration for port "P6" has been changed
to TML (zero length) calibration because the
transmission line of pin "P6" would otherwise
intersect with the layout.

-------------------------------------------------------------------------------

Generating mesh at 5 GHz...
