License checkout took 0.045 sec
License checkout took 0.020 sec
Momentum MomEngine_64 2026.01.321 (*) built: Aug 11 2025
Copyright  1992 - 2025 Keysight Technologies
Simulation started on: Wed Apr 15 09:15:19 2026
Simulation Mode: uW
Substrate valid
Using the minimal snap distance of 0.0004 mm
(4 layout resolution points) for layout healing.

--- WARNING -------------------------------------------------------------------

Layout healing changed the layout. The actual
highest aggregate snap distance was 0.0002 mm.
Further details have been written to the DRC
report.

-------------------------------------------------------------------------------
Layout simplification started
.........|.........|.........|.........| 
Layout simplification finished

--- WARNING -------------------------------------------------------------------

The port setup needed to be corrected:
Calibration will not be used for port "P8" (pin
"P8" is not on the edge between a conductive and
a nonconductive region).

-------------------------------------------------------------------------------

--- WARNING -------------------------------------------------------------------

The port setup needed to be corrected:
TML calibration for port "P5" has been changed
to TML (zero length) calibration because the
transmission line of pin "P5" would otherwise
intersect with the layout.

-------------------------------------------------------------------------------

--- WARNING -------------------------------------------------------------------

The port setup needed to be corrected:
TML calibration for port "P7" has been changed
to TML (zero length) calibration because the
transmission line of pin "P7" would otherwise
intersect with the layout.

-------------------------------------------------------------------------------

--- WARNING -------------------------------------------------------------------

The port setup needed to be corrected:
TML calibration for port "P6" has been changed
to TML (zero length) calibration because the
transmission line of pin "P6" would otherwise
intersect with the layout.

-------------------------------------------------------------------------------
Generating mesh at 5 GHz...
S-parameter simulation
S-parameter simulation started
...initializing
...extracting layout
...analyzing ports
...reducing mesh
Automatic selection: direct dense matrix solver
Using multi-threading (12 threads)
Matrix size: 1887 (reduced: 1402)
Simulation temperature: 298.15 K
Adaptive frequency sweep started
Simulation frequency [1] = 1 GHz
...loading Green functions
...creating Basis sections
...allocating interaction matrix
...loading interaction matrix
.........|.........|.........|.........| 
...solving interaction matrix
.........|.........|.........|.........| 
...calibrating ports
.........|.........|.........|.........| 
...calculating S-parameters
Simulation frequency [2] = 5 GHz
...loading Green functions
...loading interaction matrix
.........|.........|.........|.........| 
...solving interaction matrix
.........|.........|.........|.........| 
...calibrating ports
.........|.........|.........|.........| 
...calculating S-parameters
Adaptive:   0.0 % of frequency range covered
Simulation frequency [3] = 3.66667 GHz
...loading Green functions
...loading interaction matrix
.........|.........|.........|.........| 
...solving interaction matrix
.........|.........|.........|.........| 
...calibrating ports
.........|.........|.........|.........| 
...calculating S-parameters
Simulation frequency [4] = 2.33333 GHz
...loading Green functions
...loading interaction matrix
.........|.........|.........|.........| 
...solving interaction matrix
.........|.........|.........|.........| 
...calibrating ports
.........|.........|.........|.........| 
...calculating S-parameters
Simulation frequency [5] = 4.11111 GHz
...loading Green functions
...loading interaction matrix
.........|.........|.........|.........| 
...solving interaction matrix
.........|.........|.........|.........| 
...calibrating ports
.........|.........|.........|.........| 
...calculating S-parameters
Simulation frequency [6] = 1.66667 GHz
...loading Green functions
...loading interaction matrix
.........|.........|.........|.........| 
...solving interaction matrix
.........|.........|.........|.........| 
...calibrating ports
.........|.........|.........|.........| 
...calculating S-parameters
Simulation frequency [7] = 3 GHz
...loading Green functions
...loading interaction matrix
.........|.........|.........|.........| 
...solving interaction matrix
.........|.........|.........|.........| 
...calibrating ports
.........|.........|.........|.........| 
...calculating S-parameters
Simulation frequency [8] = 4.7037 GHz
...loading Green functions
...loading interaction matrix
.........|.........|.........|.........| 
...solving interaction matrix
.........|.........|.........|.........| 
...calibrating ports
.........|.........|.........|.........| 
...calculating S-parameters
Simulation frequency [9] = 3.33333 GHz
...loading Green functions
...loading interaction matrix
.........|.........|.........|.........| 
...solving interaction matrix
.........|.........|.........|.........| 
...calibrating ports
.........|.........|.........|.........| 
...calculating S-parameters
Simulation frequency [10] = 4.40741 GHz
...loading Green functions
...loading interaction matrix
.........|.........|.........|.........| 
...solving interaction matrix
.........|.........|.........|.........| 
...calibrating ports
.........|.........|.........|.........| 
...calculating S-parameters
Simulation frequency [11] = 1.22222 GHz
...loading Green functions
...loading interaction matrix
.........|.........|.........|.........| 
...solving interaction matrix
.........|.........|.........|.........| 
...calibrating ports
.........|.........|.........|.........| 
...calculating S-parameters
Simulation frequency [12] = 1.44444 GHz
...loading Green functions
...loading interaction matrix
.........|.........|.........|.........| 
...solving interaction matrix
.........|.........|.........|.........| 
...calibrating ports
.........|.........|.........|.........| 
...calculating S-parameters
Adaptive: 100.0 % of frequency range covered
S-parameter simulation finished
Simulation finished on: Wed Apr 15 09:15:43 2026
The simulation results have been saved in dataset "EM_Sim1_MomUW".
